\BOOKMARK [0][-]{chapter.1}{\376\377\0001\000\040\000N\000a\000m\000e\000s\000p\000a\000c\000e\000\040\000I\000n\000d\000e\000x}{}% 1
\BOOKMARK [1][-]{section.1.1}{\376\377\0001\000.\0001\000\040\000N\000a\000m\000e\000s\000p\000a\000c\000e\000\040\000L\000i\000s\000t}{chapter.1}% 2
\BOOKMARK [0][-]{chapter.2}{\376\377\0002\000\040\000H\000i\000e\000r\000a\000r\000c\000h\000i\000c\000a\000l\000\040\000I\000n\000d\000e\000x}{}% 3
\BOOKMARK [1][-]{section.2.1}{\376\377\0002\000.\0001\000\040\000C\000l\000a\000s\000s\000\040\000H\000i\000e\000r\000a\000r\000c\000h\000y}{chapter.2}% 4
\BOOKMARK [0][-]{chapter.3}{\376\377\0003\000\040\000C\000l\000a\000s\000s\000\040\000I\000n\000d\000e\000x}{}% 5
\BOOKMARK [1][-]{section.3.1}{\376\377\0003\000.\0001\000\040\000C\000l\000a\000s\000s\000\040\000L\000i\000s\000t}{chapter.3}% 6
\BOOKMARK [0][-]{chapter.4}{\376\377\0004\000\040\000F\000i\000l\000e\000\040\000I\000n\000d\000e\000x}{}% 7
\BOOKMARK [1][-]{section.4.1}{\376\377\0004\000.\0001\000\040\000F\000i\000l\000e\000\040\000L\000i\000s\000t}{chapter.4}% 8
\BOOKMARK [0][-]{chapter.5}{\376\377\0005\000\040\000N\000a\000m\000e\000s\000p\000a\000c\000e\000\040\000D\000o\000c\000u\000m\000e\000n\000t\000a\000t\000i\000o\000n}{}% 9
\BOOKMARK [1][-]{section.5.1}{\376\377\0005\000.\0001\000\040\000U\000i\000\040\000N\000a\000m\000e\000s\000p\000a\000c\000e\000\040\000R\000e\000f\000e\000r\000e\000n\000c\000e}{chapter.5}% 10
\BOOKMARK [0][-]{chapter.6}{\376\377\0006\000\040\000C\000l\000a\000s\000s\000\040\000D\000o\000c\000u\000m\000e\000n\000t\000a\000t\000i\000o\000n}{}% 11
\BOOKMARK [1][-]{section.6.1}{\376\377\0006\000.\0001\000\040\000M\000a\000i\000n\000W\000i\000n\000d\000o\000w\000\040\000C\000l\000a\000s\000s\000\040\000R\000e\000f\000e\000r\000e\000n\000c\000e}{chapter.6}% 12
\BOOKMARK [2][-]{subsection.6.1.1}{\376\377\0006\000.\0001\000.\0001\000\040\000D\000e\000t\000a\000i\000l\000e\000d\000\040\000D\000e\000s\000c\000r\000i\000p\000t\000i\000o\000n}{section.6.1}% 13
\BOOKMARK [2][-]{subsection.6.1.2}{\376\377\0006\000.\0001\000.\0002\000\040\000C\000o\000n\000s\000t\000r\000u\000c\000t\000o\000r\000\040\000\046\000\040\000D\000e\000s\000t\000r\000u\000c\000t\000o\000r\000\040\000D\000o\000c\000u\000m\000e\000n\000t\000a\000t\000i\000o\000n}{section.6.1}% 14
\BOOKMARK [3][-]{subsubsection.6.1.2.1}{\376\377\0006\000.\0001\000.\0002\000.\0001\000\040\000M\000a\000i\000n\000W\000i\000n\000d\000o\000w\000\050\000\051}{subsection.6.1.2}% 15
\BOOKMARK [3][-]{subsubsection.6.1.2.2}{\376\377\0006\000.\0001\000.\0002\000.\0002\000\040\000\040\000M\000a\000i\000n\000W\000i\000n\000d\000o\000w\000\050\000\051}{subsection.6.1.2}% 16
\BOOKMARK [2][-]{subsection.6.1.3}{\376\377\0006\000.\0001\000.\0003\000\040\000M\000e\000m\000b\000e\000r\000\040\000F\000u\000n\000c\000t\000i\000o\000n\000\040\000D\000o\000c\000u\000m\000e\000n\000t\000a\000t\000i\000o\000n}{section.6.1}% 17
\BOOKMARK [3][-]{subsubsection.6.1.3.1}{\376\377\0006\000.\0001\000.\0003\000.\0001\000\040\000c\000l\000e\000a\000r\000H\000i\000s\000t\000o\000r\000y\000P\000l\000o\000t\000s\000\050\000\051}{subsection.6.1.3}% 18
\BOOKMARK [3][-]{subsubsection.6.1.3.2}{\376\377\0006\000.\0001\000.\0003\000.\0002\000\040\000c\000l\000e\000a\000r\000R\000e\000a\000l\000t\000i\000m\000e\000P\000l\000o\000t\000s\000\050\000\051}{subsection.6.1.3}% 19
\BOOKMARK [3][-]{subsubsection.6.1.3.3}{\376\377\0006\000.\0001\000.\0003\000.\0003\000\040\000c\000l\000o\000s\000e\000A\000p\000p\000E\000v\000e\000n\000t}{subsection.6.1.3}% 20
\BOOKMARK [3][-]{subsubsection.6.1.3.4}{\376\377\0006\000.\0001\000.\0003\000.\0004\000\040\000e\000v\000e\000n\000t\000L\000o\000o\000p}{subsection.6.1.3}% 21
\BOOKMARK [3][-]{subsubsection.6.1.3.5}{\376\377\0006\000.\0001\000.\0003\000.\0005\000\040\000g\000e\000n\000e\000r\000a\000t\000e\000B\000a\000r\000G\000r\000a\000p\000h\000\050\000\051}{subsection.6.1.3}% 22
\BOOKMARK [3][-]{subsubsection.6.1.3.6}{\376\377\0006\000.\0001\000.\0003\000.\0006\000\040\000g\000e\000n\000e\000r\000a\000t\000e\000L\000i\000n\000e\000a\000r\000G\000r\000a\000p\000h\000\050\000\051}{subsection.6.1.3}% 23
\BOOKMARK [3][-]{subsubsection.6.1.3.7}{\376\377\0006\000.\0001\000.\0003\000.\0007\000\040\000g\000e\000t\000E\000r\000r\000o\000r\000T\000e\000x\000t\000\050\000\051}{subsection.6.1.3}% 24
\BOOKMARK [3][-]{subsubsection.6.1.3.8}{\376\377\0006\000.\0001\000.\0003\000.\0008\000\040\000o\000n\000A\000u\000t\000o\000B\000u\000t\000t\000o\000n\000C\000l\000i\000c\000k\000e\000d}{subsection.6.1.3}% 25
\BOOKMARK [3][-]{subsubsection.6.1.3.9}{\376\377\0006\000.\0001\000.\0003\000.\0009\000\040\000o\000n\000C\000a\000l\000i\000b\000r\000a\000t\000e\000B\000u\000t\000t\000o\000n\000C\000l\000i\000c\000k\000e\000d}{subsection.6.1.3}% 26
\BOOKMARK [3][-]{subsubsection.6.1.3.10}{\376\377\0006\000.\0001\000.\0003\000.\0001\0000\000\040\000o\000n\000C\000o\000n\000n\000e\000c\000t\000B\000u\000t\000t\000o\000n\000C\000l\000i\000c\000k\000e\000d}{subsection.6.1.3}% 27
\BOOKMARK [3][-]{subsubsection.6.1.3.11}{\376\377\0006\000.\0001\000.\0003\000.\0001\0001\000\040\000o\000n\000D\000i\000s\000c\000o\000n\000n\000e\000c\000t\000B\000u\000t\000t\000o\000n\000C\000l\000i\000c\000k\000e\000d}{subsection.6.1.3}% 28
\BOOKMARK [3][-]{subsubsection.6.1.3.12}{\376\377\0006\000.\0001\000.\0003\000.\0001\0002\000\040\000o\000n\000R\000e\000s\000e\000t\000B\000u\000t\000t\000o\000n\000C\000l\000i\000c\000k\000e\000d}{subsection.6.1.3}% 29
\BOOKMARK [3][-]{subsubsection.6.1.3.13}{\376\377\0006\000.\0001\000.\0003\000.\0001\0003\000\040\000s\000e\000t\000C\000o\000m\000b\000o\000B\000o\000x\000\050\000\051}{subsection.6.1.3}% 30
\BOOKMARK [3][-]{subsubsection.6.1.3.14}{\376\377\0006\000.\0001\000.\0003\000.\0001\0004\000\040\000s\000e\000t\000G\000r\000a\000p\000h\000s\000P\000r\000o\000p\000e\000r\000t\000i\000e\000s\000\050\000\051}{subsection.6.1.3}% 31
\BOOKMARK [3][-]{subsubsection.6.1.3.15}{\376\377\0006\000.\0001\000.\0003\000.\0001\0005\000\040\000s\000h\000o\000w\000M\000e\000s\000s\000a\000g\000e\000\050\000\051\000\040\000[\0001\000/\0002\000]}{subsection.6.1.3}% 32
\BOOKMARK [3][-]{subsubsection.6.1.3.16}{\376\377\0006\000.\0001\000.\0003\000.\0001\0006\000\040\000s\000h\000o\000w\000M\000e\000s\000s\000a\000g\000e\000\050\000\051\000\040\000[\0002\000/\0002\000]}{subsection.6.1.3}% 33
\BOOKMARK [3][-]{subsubsection.6.1.3.17}{\376\377\0006\000.\0001\000.\0003\000.\0001\0007\000\040\000u\000p\000d\000a\000t\000e\000B\000a\000r\000G\000r\000a\000p\000h\000\050\000\051}{subsection.6.1.3}% 34
\BOOKMARK [3][-]{subsubsection.6.1.3.18}{\376\377\0006\000.\0001\000.\0003\000.\0001\0008\000\040\000u\000p\000d\000a\000t\000e\000L\000i\000n\000e\000a\000r\000G\000r\000a\000p\000h\000\050\000\051}{subsection.6.1.3}% 35
\BOOKMARK [3][-]{subsubsection.6.1.3.19}{\376\377\0006\000.\0001\000.\0003\000.\0001\0009\000\040\000w\000r\000i\000t\000e\000T\000o\000S\000t\000a\000t\000u\000s\000B\000a\000r}{subsection.6.1.3}% 36
\BOOKMARK [2][-]{subsection.6.1.4}{\376\377\0006\000.\0001\000.\0004\000\040\000M\000e\000m\000b\000e\000r\000\040\000D\000a\000t\000a\000\040\000D\000o\000c\000u\000m\000e\000n\000t\000a\000t\000i\000o\000n}{section.6.1}% 37
\BOOKMARK [3][-]{subsubsection.6.1.4.1}{\376\377\0006\000.\0001\000.\0004\000.\0001\000\040\000a\000r\000d\000u\000i\000n\000o}{subsection.6.1.4}% 38
\BOOKMARK [3][-]{subsubsection.6.1.4.2}{\376\377\0006\000.\0001\000.\0004\000.\0002\000\040\000b\000g\000C\000o\000l\000o\000r}{subsection.6.1.4}% 39
\BOOKMARK [3][-]{subsubsection.6.1.4.3}{\376\377\0006\000.\0001\000.\0004\000.\0003\000\040\000f\000g\000C\000o\000l\000o\000r}{subsection.6.1.4}% 40
\BOOKMARK [3][-]{subsubsection.6.1.4.4}{\376\377\0006\000.\0001\000.\0004\000.\0004\000\040\000l\000a\000b\000e\000l\000s\0001}{subsection.6.1.4}% 41
\BOOKMARK [3][-]{subsubsection.6.1.4.5}{\376\377\0006\000.\0001\000.\0004\000.\0005\000\040\000l\000a\000b\000e\000l\000s\0002}{subsection.6.1.4}% 42
\BOOKMARK [3][-]{subsubsection.6.1.4.6}{\376\377\0006\000.\0001\000.\0004\000.\0006\000\040\000l\000a\000b\000e\000l\000s\0003}{subsection.6.1.4}% 43
\BOOKMARK [3][-]{subsubsection.6.1.4.7}{\376\377\0006\000.\0001\000.\0004\000.\0007\000\040\000l\000a\000b\000e\000l\000s\0004}{subsection.6.1.4}% 44
\BOOKMARK [3][-]{subsubsection.6.1.4.8}{\376\377\0006\000.\0001\000.\0004\000.\0008\000\040\000l\000e\000g\000e\000n\000d}{subsection.6.1.4}% 45
\BOOKMARK [3][-]{subsubsection.6.1.4.9}{\376\377\0006\000.\0001\000.\0004\000.\0009\000\040\000l\000o\000o\000p\000T\000i\000m\000e\000r}{subsection.6.1.4}% 46
\BOOKMARK [3][-]{subsubsection.6.1.4.10}{\376\377\0006\000.\0001\000.\0004\000.\0001\0000\000\040\000m\000a\000x\000Y\000A\000x\000i\000s\000V\000a\000l\000u\000e}{subsection.6.1.4}% 47
\BOOKMARK [3][-]{subsubsection.6.1.4.11}{\376\377\0006\000.\0001\000.\0004\000.\0001\0001\000\040\000m\000a\000x\000Y\000A\000x\000i\000s\000V\000a\000l\000u\000e\0002}{subsection.6.1.4}% 48
\BOOKMARK [3][-]{subsubsection.6.1.4.12}{\376\377\0006\000.\0001\000.\0004\000.\0001\0002\000\040\000p\000l\000o\000t\000C\000o\000l\000o\000r\000s}{subsection.6.1.4}% 49
\BOOKMARK [3][-]{subsubsection.6.1.4.13}{\376\377\0006\000.\0001\000.\0004\000.\0001\0003\000\040\000p\000l\000o\000t\000s\000A\000m\000o\000u\000n\000t}{subsection.6.1.4}% 50
\BOOKMARK [3][-]{subsubsection.6.1.4.14}{\376\377\0006\000.\0001\000.\0004\000.\0001\0004\000\040\000s\000t\000a\000t\000u\000s\000B\000a\000r\000T\000i\000m\000e\000r}{subsection.6.1.4}% 51
\BOOKMARK [3][-]{subsubsection.6.1.4.15}{\376\377\0006\000.\0001\000.\0004\000.\0001\0005\000\040\000t\000r\000a\000n\000s\000f\000o\000r\000m}{subsection.6.1.4}% 52
\BOOKMARK [3][-]{subsubsection.6.1.4.16}{\376\377\0006\000.\0001\000.\0004\000.\0001\0006\000\040\000u\000i}{subsection.6.1.4}% 53
\BOOKMARK [1][-]{section.6.2}{\376\377\0006\000.\0002\000\040\000M\000e\000a\000s\000u\000r\000e\000m\000e\000n\000t\000H\000a\000n\000d\000l\000e\000r\000\040\000C\000l\000a\000s\000s\000\040\000R\000e\000f\000e\000r\000e\000n\000c\000e}{chapter.6}% 54
\BOOKMARK [2][-]{subsection.6.2.1}{\376\377\0006\000.\0002\000.\0001\000\040\000D\000e\000t\000a\000i\000l\000e\000d\000\040\000D\000e\000s\000c\000r\000i\000p\000t\000i\000o\000n}{section.6.2}% 55
\BOOKMARK [2][-]{subsection.6.2.2}{\376\377\0006\000.\0002\000.\0002\000\040\000C\000o\000n\000s\000t\000r\000u\000c\000t\000o\000r\000\040\000\046\000\040\000D\000e\000s\000t\000r\000u\000c\000t\000o\000r\000\040\000D\000o\000c\000u\000m\000e\000n\000t\000a\000t\000i\000o\000n}{section.6.2}% 56
\BOOKMARK [3][-]{subsubsection.6.2.2.1}{\376\377\0006\000.\0002\000.\0002\000.\0001\000\040\000M\000e\000a\000s\000u\000r\000e\000m\000e\000n\000t\000H\000a\000n\000d\000l\000e\000r\000\050\000\051}{subsection.6.2.2}% 57
\BOOKMARK [3][-]{subsubsection.6.2.2.2}{\376\377\0006\000.\0002\000.\0002\000.\0002\000\040\000\040\000M\000e\000a\000s\000u\000r\000e\000m\000e\000n\000t\000H\000a\000n\000d\000l\000e\000r\000\050\000\051}{subsection.6.2.2}% 58
\BOOKMARK [2][-]{subsection.6.2.3}{\376\377\0006\000.\0002\000.\0003\000\040\000M\000e\000m\000b\000e\000r\000\040\000F\000u\000n\000c\000t\000i\000o\000n\000\040\000D\000o\000c\000u\000m\000e\000n\000t\000a\000t\000i\000o\000n}{section.6.2}% 59
\BOOKMARK [3][-]{subsubsection.6.2.3.1}{\376\377\0006\000.\0002\000.\0003\000.\0001\000\040\000c\000a\000l\000c\000A\000n\000g\000l\000e\000A\000n\000d\000D\000i\000s\000t\000a\000n\000c\000e\000\050\000\051}{subsection.6.2.3}% 60
\BOOKMARK [3][-]{subsubsection.6.2.3.2}{\376\377\0006\000.\0002\000.\0003\000.\0002\000\040\000c\000l\000e\000a\000r\000H\000i\000s\000t\000o\000r\000y\000D\000a\000t\000a\000\050\000\051}{subsection.6.2.3}% 61
\BOOKMARK [3][-]{subsubsection.6.2.3.3}{\376\377\0006\000.\0002\000.\0003\000.\0003\000\040\000c\000l\000e\000a\000r\000R\000e\000a\000l\000t\000i\000m\000e\000D\000a\000t\000a\000\050\000\051}{subsection.6.2.3}% 62
\BOOKMARK [3][-]{subsubsection.6.2.3.4}{\376\377\0006\000.\0002\000.\0003\000.\0004\000\040\000g\000e\000t\000A\000c\000c\000M\000e\000a\000s\000\050\000\051}{subsection.6.2.3}% 63
\BOOKMARK [3][-]{subsubsection.6.2.3.5}{\376\377\0006\000.\0002\000.\0003\000.\0005\000\040\000g\000e\000t\000A\000n\000g\000l\000e\000\050\000\051}{subsection.6.2.3}% 64
\BOOKMARK [3][-]{subsubsection.6.2.3.6}{\376\377\0006\000.\0002\000.\0003\000.\0006\000\040\000g\000e\000t\000D\000i\000s\000t\000a\000n\000c\000e\000\050\000\051}{subsection.6.2.3}% 65
\BOOKMARK [3][-]{subsubsection.6.2.3.7}{\376\377\0006\000.\0002\000.\0003\000.\0007\000\040\000g\000e\000t\000G\000y\000r\000o\000M\000e\000a\000s\000\050\000\051}{subsection.6.2.3}% 66
\BOOKMARK [3][-]{subsubsection.6.2.3.8}{\376\377\0006\000.\0002\000.\0003\000.\0008\000\040\000g\000e\000t\000T\000i\000m\000e\000\050\000\051}{subsection.6.2.3}% 67
\BOOKMARK [3][-]{subsubsection.6.2.3.9}{\376\377\0006\000.\0002\000.\0003\000.\0009\000\040\000g\000e\000t\000V\000e\000c\000t\000o\000r\000O\000f\000A\000c\000c\000P\000o\000i\000n\000t\000e\000r\000s\000\050\000\051}{subsection.6.2.3}% 68
\BOOKMARK [3][-]{subsubsection.6.2.3.10}{\376\377\0006\000.\0002\000.\0003\000.\0001\0000\000\040\000g\000e\000t\000V\000e\000c\000t\000o\000r\000O\000f\000G\000y\000r\000o\000P\000o\000i\000n\000t\000e\000r\000s\000\050\000\051}{subsection.6.2.3}% 69
\BOOKMARK [3][-]{subsubsection.6.2.3.11}{\376\377\0006\000.\0002\000.\0003\000.\0001\0001\000\040\000g\000e\000t\000X\000A\000c\000c\000\050\000\051}{subsection.6.2.3}% 70
\BOOKMARK [3][-]{subsubsection.6.2.3.12}{\376\377\0006\000.\0002\000.\0003\000.\0001\0002\000\040\000g\000e\000t\000X\000A\000n\000g\000V\000e\000l\000\050\000\051}{subsection.6.2.3}% 71
\BOOKMARK [3][-]{subsubsection.6.2.3.13}{\376\377\0006\000.\0002\000.\0003\000.\0001\0003\000\040\000g\000e\000t\000Y\000A\000c\000c\000\050\000\051}{subsection.6.2.3}% 72
\BOOKMARK [3][-]{subsubsection.6.2.3.14}{\376\377\0006\000.\0002\000.\0003\000.\0001\0004\000\040\000g\000e\000t\000Y\000A\000n\000g\000V\000e\000l\000\050\000\051}{subsection.6.2.3}% 73
\BOOKMARK [3][-]{subsubsection.6.2.3.15}{\376\377\0006\000.\0002\000.\0003\000.\0001\0005\000\040\000g\000e\000t\000Z\000A\000c\000c\000\050\000\051}{subsection.6.2.3}% 74
\BOOKMARK [3][-]{subsubsection.6.2.3.16}{\376\377\0006\000.\0002\000.\0003\000.\0001\0006\000\040\000g\000e\000t\000Z\000A\000n\000g\000V\000e\000l\000\050\000\051}{subsection.6.2.3}% 75
\BOOKMARK [3][-]{subsubsection.6.2.3.17}{\376\377\0006\000.\0002\000.\0003\000.\0001\0007\000\040\000p\000u\000s\000h\000T\000i\000m\000e\000\050\000\051}{subsection.6.2.3}% 76
\BOOKMARK [3][-]{subsubsection.6.2.3.18}{\376\377\0006\000.\0002\000.\0003\000.\0001\0008\000\040\000p\000u\000s\000h\000X\000A\000c\000c\000\050\000\051}{subsection.6.2.3}% 77
\BOOKMARK [3][-]{subsubsection.6.2.3.19}{\376\377\0006\000.\0002\000.\0003\000.\0001\0009\000\040\000p\000u\000s\000h\000X\000A\000n\000g\000V\000e\000l\000\050\000\051}{subsection.6.2.3}% 78
\BOOKMARK [3][-]{subsubsection.6.2.3.20}{\376\377\0006\000.\0002\000.\0003\000.\0002\0000\000\040\000p\000u\000s\000h\000Y\000A\000c\000c\000\050\000\051}{subsection.6.2.3}% 79
\BOOKMARK [3][-]{subsubsection.6.2.3.21}{\376\377\0006\000.\0002\000.\0003\000.\0002\0001\000\040\000p\000u\000s\000h\000Y\000A\000n\000g\000V\000e\000l\000\050\000\051}{subsection.6.2.3}% 80
\BOOKMARK [3][-]{subsubsection.6.2.3.22}{\376\377\0006\000.\0002\000.\0003\000.\0002\0002\000\040\000p\000u\000s\000h\000Z\000A\000c\000c\000\050\000\051}{subsection.6.2.3}% 81
\BOOKMARK [3][-]{subsubsection.6.2.3.23}{\376\377\0006\000.\0002\000.\0003\000.\0002\0003\000\040\000p\000u\000s\000h\000Z\000A\000n\000g\000V\000e\000l\000\050\000\051}{subsection.6.2.3}% 82
\BOOKMARK [3][-]{subsubsection.6.2.3.24}{\376\377\0006\000.\0002\000.\0003\000.\0002\0004\000\040\000s\000e\000t\000A\000c\000c\000M\000e\000a\000s\000\050\000\051}{subsection.6.2.3}% 83
\BOOKMARK [3][-]{subsubsection.6.2.3.25}{\376\377\0006\000.\0002\000.\0003\000.\0002\0005\000\040\000s\000e\000t\000A\000n\000g\000l\000e\000\050\000\051}{subsection.6.2.3}% 84
\BOOKMARK [3][-]{subsubsection.6.2.3.26}{\376\377\0006\000.\0002\000.\0003\000.\0002\0006\000\040\000s\000e\000t\000D\000i\000s\000t\000a\000n\000c\000e\000\050\000\051}{subsection.6.2.3}% 85
\BOOKMARK [3][-]{subsubsection.6.2.3.27}{\376\377\0006\000.\0002\000.\0003\000.\0002\0007\000\040\000s\000e\000t\000G\000y\000r\000o\000M\000e\000a\000s\000\050\000\051}{subsection.6.2.3}% 86
\BOOKMARK [2][-]{subsection.6.2.4}{\376\377\0006\000.\0002\000.\0004\000\040\000M\000e\000m\000b\000e\000r\000\040\000D\000a\000t\000a\000\040\000D\000o\000c\000u\000m\000e\000n\000t\000a\000t\000i\000o\000n}{section.6.2}% 87
\BOOKMARK [3][-]{subsubsection.6.2.4.1}{\376\377\0006\000.\0002\000.\0004\000.\0001\000\040\000a\000c\000c\000M\000e\000a\000s}{subsection.6.2.4}% 88
\BOOKMARK [3][-]{subsubsection.6.2.4.2}{\376\377\0006\000.\0002\000.\0004\000.\0002\000\040\000a\000n\000g\000l\000e}{subsection.6.2.4}% 89
\BOOKMARK [3][-]{subsubsection.6.2.4.3}{\376\377\0006\000.\0002\000.\0004\000.\0003\000\040\000a\000n\000g\000l\000e\000P}{subsection.6.2.4}% 90
\BOOKMARK [3][-]{subsubsection.6.2.4.4}{\376\377\0006\000.\0002\000.\0004\000.\0004\000\040\000d\000i\000s\000t\000a\000n\000c\000e}{subsection.6.2.4}% 91
\BOOKMARK [3][-]{subsubsection.6.2.4.5}{\376\377\0006\000.\0002\000.\0004\000.\0005\000\040\000d\000i\000s\000t\000a\000n\000c\000e\000P}{subsection.6.2.4}% 92
\BOOKMARK [3][-]{subsubsection.6.2.4.6}{\376\377\0006\000.\0002\000.\0004\000.\0006\000\040\000g\000y\000r\000o\000M\000e\000a\000s}{subsection.6.2.4}% 93
\BOOKMARK [3][-]{subsubsection.6.2.4.7}{\376\377\0006\000.\0002\000.\0004\000.\0007\000\040\000t\000i\000m\000e}{subsection.6.2.4}% 94
\BOOKMARK [3][-]{subsubsection.6.2.4.8}{\376\377\0006\000.\0002\000.\0004\000.\0008\000\040\000v\000e\000c\000t\000o\000r\000O\000f\000A\000c\000c\000P\000o\000i\000n\000t\000e\000r\000s}{subsection.6.2.4}% 95
\BOOKMARK [3][-]{subsubsection.6.2.4.9}{\376\377\0006\000.\0002\000.\0004\000.\0009\000\040\000v\000e\000c\000t\000o\000r\000O\000f\000G\000y\000r\000o\000P\000o\000i\000n\000t\000e\000r\000s}{subsection.6.2.4}% 96
\BOOKMARK [3][-]{subsubsection.6.2.4.10}{\376\377\0006\000.\0002\000.\0004\000.\0001\0000\000\040\000x\000A\000c\000c}{subsection.6.2.4}% 97
\BOOKMARK [3][-]{subsubsection.6.2.4.11}{\376\377\0006\000.\0002\000.\0004\000.\0001\0001\000\040\000x\000A\000n\000g\000V\000e\000l}{subsection.6.2.4}% 98
\BOOKMARK [3][-]{subsubsection.6.2.4.12}{\376\377\0006\000.\0002\000.\0004\000.\0001\0002\000\040\000y\000A\000c\000c}{subsection.6.2.4}% 99
\BOOKMARK [3][-]{subsubsection.6.2.4.13}{\376\377\0006\000.\0002\000.\0004\000.\0001\0003\000\040\000y\000A\000n\000g\000V\000e\000l}{subsection.6.2.4}% 100
\BOOKMARK [3][-]{subsubsection.6.2.4.14}{\376\377\0006\000.\0002\000.\0004\000.\0001\0004\000\040\000z\000A\000c\000c}{subsection.6.2.4}% 101
\BOOKMARK [3][-]{subsubsection.6.2.4.15}{\376\377\0006\000.\0002\000.\0004\000.\0001\0005\000\040\000z\000A\000n\000g\000V\000e\000l}{subsection.6.2.4}% 102
\BOOKMARK [1][-]{section.6.3}{\376\377\0006\000.\0003\000\040\000O\000p\000e\000n\000G\000L\000W\000i\000d\000g\000e\000t\000\040\000C\000l\000a\000s\000s\000\040\000R\000e\000f\000e\000r\000e\000n\000c\000e}{chapter.6}% 103
\BOOKMARK [2][-]{subsection.6.3.1}{\376\377\0006\000.\0003\000.\0001\000\040\000D\000e\000t\000a\000i\000l\000e\000d\000\040\000D\000e\000s\000c\000r\000i\000p\000t\000i\000o\000n}{section.6.3}% 104
\BOOKMARK [2][-]{subsection.6.3.2}{\376\377\0006\000.\0003\000.\0002\000\040\000C\000o\000n\000s\000t\000r\000u\000c\000t\000o\000r\000\040\000\046\000\040\000D\000e\000s\000t\000r\000u\000c\000t\000o\000r\000\040\000D\000o\000c\000u\000m\000e\000n\000t\000a\000t\000i\000o\000n}{section.6.3}% 105
\BOOKMARK [3][-]{subsubsection.6.3.2.1}{\376\377\0006\000.\0003\000.\0002\000.\0001\000\040\000O\000p\000e\000n\000G\000L\000W\000i\000d\000g\000e\000t\000\050\000\051}{subsection.6.3.2}% 106
\BOOKMARK [3][-]{subsubsection.6.3.2.2}{\376\377\0006\000.\0003\000.\0002\000.\0002\000\040\000\040\000O\000p\000e\000n\000G\000L\000W\000i\000d\000g\000e\000t\000\050\000\051}{subsection.6.3.2}% 107
\BOOKMARK [2][-]{subsection.6.3.3}{\376\377\0006\000.\0003\000.\0003\000\040\000M\000e\000m\000b\000e\000r\000\040\000F\000u\000n\000c\000t\000i\000o\000n\000\040\000D\000o\000c\000u\000m\000e\000n\000t\000a\000t\000i\000o\000n}{section.6.3}% 108
\BOOKMARK [3][-]{subsubsection.6.3.3.1}{\376\377\0006\000.\0003\000.\0003\000.\0001\000\040\000c\000r\000e\000a\000t\000e\000O\000b\000j\000e\000c\000t\000\050\000\051}{subsection.6.3.3}% 109
\BOOKMARK [3][-]{subsubsection.6.3.3.2}{\376\377\0006\000.\0003\000.\0003\000.\0002\000\040\000i\000n\000i\000t\000i\000a\000l\000i\000z\000e\000G\000L\000\050\000\051}{subsection.6.3.3}% 110
\BOOKMARK [3][-]{subsubsection.6.3.3.3}{\376\377\0006\000.\0003\000.\0003\000.\0003\000\040\000p\000a\000i\000n\000t\000G\000L\000\050\000\051}{subsection.6.3.3}% 111
\BOOKMARK [3][-]{subsubsection.6.3.3.4}{\376\377\0006\000.\0003\000.\0003\000.\0004\000\040\000r\000e\000s\000i\000z\000e\000G\000L\000\050\000\051}{subsection.6.3.3}% 112
\BOOKMARK [3][-]{subsubsection.6.3.3.5}{\376\377\0006\000.\0003\000.\0003\000.\0005\000\040\000u\000p\000d\000a\000t\000e\000D\000i\000s\000t\000a\000n\000c\000e\000\050\000\051}{subsection.6.3.3}% 113
\BOOKMARK [3][-]{subsubsection.6.3.3.6}{\376\377\0006\000.\0003\000.\0003\000.\0006\000\040\000u\000p\000d\000a\000t\000e\000R\000o\000t\000a\000t\000i\000o\000n\000\050\000\051}{subsection.6.3.3}% 114
\BOOKMARK [2][-]{subsection.6.3.4}{\376\377\0006\000.\0003\000.\0004\000\040\000M\000e\000m\000b\000e\000r\000\040\000D\000a\000t\000a\000\040\000D\000o\000c\000u\000m\000e\000n\000t\000a\000t\000i\000o\000n}{section.6.3}% 115
\BOOKMARK [3][-]{subsubsection.6.3.4.1}{\376\377\0006\000.\0003\000.\0004\000.\0001\000\040\000b\000g\000C\000o\000l\000o\000r}{subsection.6.3.4}% 116
\BOOKMARK [3][-]{subsubsection.6.3.4.2}{\376\377\0006\000.\0003\000.\0004\000.\0002\000\040\000d\000i\000s\000t\000a\000n\000c\000e}{subsection.6.3.4}% 117
\BOOKMARK [3][-]{subsubsection.6.3.4.3}{\376\377\0006\000.\0003\000.\0004\000.\0003\000\040\000m\000o\000d\000e\000l}{subsection.6.3.4}% 118
\BOOKMARK [3][-]{subsubsection.6.3.4.4}{\376\377\0006\000.\0003\000.\0004\000.\0004\000\040\000p\000r\000o\000g\000r\000a\000m}{subsection.6.3.4}% 119
\BOOKMARK [3][-]{subsubsection.6.3.4.5}{\376\377\0006\000.\0003\000.\0004\000.\0005\000\040\000r\000o\000t\000a\000t\000i\000o\000n}{subsection.6.3.4}% 120
\BOOKMARK [3][-]{subsubsection.6.3.4.6}{\376\377\0006\000.\0003\000.\0004\000.\0006\000\040\000t\000e\000x\000t\000u\000r\000e}{subsection.6.3.4}% 121
\BOOKMARK [3][-]{subsubsection.6.3.4.7}{\376\377\0006\000.\0003\000.\0004\000.\0007\000\040\000v\000b\000o}{subsection.6.3.4}% 122
\BOOKMARK [1][-]{section.6.4}{\376\377\0006\000.\0004\000\040\000S\000e\000r\000i\000a\000l\000P\000o\000r\000t\000R\000e\000a\000d\000e\000r\000\040\000C\000l\000a\000s\000s\000\040\000R\000e\000f\000e\000r\000e\000n\000c\000e}{chapter.6}% 123
\BOOKMARK [2][-]{subsection.6.4.1}{\376\377\0006\000.\0004\000.\0001\000\040\000D\000e\000t\000a\000i\000l\000e\000d\000\040\000D\000e\000s\000c\000r\000i\000p\000t\000i\000o\000n}{section.6.4}% 124
\BOOKMARK [2][-]{subsection.6.4.2}{\376\377\0006\000.\0004\000.\0002\000\040\000C\000o\000n\000s\000t\000r\000u\000c\000t\000o\000r\000\040\000\046\000\040\000D\000e\000s\000t\000r\000u\000c\000t\000o\000r\000\040\000D\000o\000c\000u\000m\000e\000n\000t\000a\000t\000i\000o\000n}{section.6.4}% 125
\BOOKMARK [3][-]{subsubsection.6.4.2.1}{\376\377\0006\000.\0004\000.\0002\000.\0001\000\040\000S\000e\000r\000i\000a\000l\000P\000o\000r\000t\000R\000e\000a\000d\000e\000r\000\050\000\051}{subsection.6.4.2}% 126
\BOOKMARK [3][-]{subsubsection.6.4.2.2}{\376\377\0006\000.\0004\000.\0002\000.\0002\000\040\000\040\000S\000e\000r\000i\000a\000l\000P\000o\000r\000t\000R\000e\000a\000d\000e\000r\000\050\000\051}{subsection.6.4.2}% 127
\BOOKMARK [2][-]{subsection.6.4.3}{\376\377\0006\000.\0004\000.\0003\000\040\000M\000e\000m\000b\000e\000r\000\040\000F\000u\000n\000c\000t\000i\000o\000n\000\040\000D\000o\000c\000u\000m\000e\000n\000t\000a\000t\000i\000o\000n}{section.6.4}% 128
\BOOKMARK [3][-]{subsubsection.6.4.3.1}{\376\377\0006\000.\0004\000.\0003\000.\0001\000\040\000c\000o\000n\000n\000e\000c\000t\000\050\000\051}{subsection.6.4.3}% 129
\BOOKMARK [3][-]{subsubsection.6.4.3.2}{\376\377\0006\000.\0004\000.\0003\000.\0002\000\040\000d\000i\000s\000c\000o\000n\000n\000e\000c\000t\000\050\000\051}{subsection.6.4.3}% 130
\BOOKMARK [3][-]{subsubsection.6.4.3.3}{\376\377\0006\000.\0004\000.\0003\000.\0003\000\040\000g\000e\000t\000E\000r\000r\000o\000r\000C\000o\000d\000e\000\050\000\051}{subsection.6.4.3}% 131
\BOOKMARK [3][-]{subsubsection.6.4.3.4}{\376\377\0006\000.\0004\000.\0003\000.\0004\000\040\000g\000e\000t\000I\000n\000f\000o\000\050\000\051}{subsection.6.4.3}% 132
\BOOKMARK [3][-]{subsubsection.6.4.3.5}{\376\377\0006\000.\0004\000.\0003\000.\0005\000\040\000g\000o\000o\000d\000C\000h\000o\000i\000c\000e\000\050\000\051}{subsection.6.4.3}% 133
\BOOKMARK [3][-]{subsubsection.6.4.3.6}{\376\377\0006\000.\0004\000.\0003\000.\0006\000\040\000r\000e\000a\000d\000L\000i\000n\000e\000\050\000\051}{subsection.6.4.3}% 134
\BOOKMARK [3][-]{subsubsection.6.4.3.7}{\376\377\0006\000.\0004\000.\0003\000.\0007\000\040\000r\000e\000s\000e\000t\000E\000r\000r\000o\000r\000C\000o\000d\000e\000\050\000\051}{subsection.6.4.3}% 135
\BOOKMARK [2][-]{subsection.6.4.4}{\376\377\0006\000.\0004\000.\0004\000\040\000M\000e\000m\000b\000e\000r\000\040\000D\000a\000t\000a\000\040\000D\000o\000c\000u\000m\000e\000n\000t\000a\000t\000i\000o\000n}{section.6.4}% 136
\BOOKMARK [3][-]{subsubsection.6.4.4.1}{\376\377\0006\000.\0004\000.\0004\000.\0001\000\040\000a\000c\000c\000e\000l\000e\000r\000a\000t\000i\000o\000n\000X}{subsection.6.4.4}% 137
\BOOKMARK [3][-]{subsubsection.6.4.4.2}{\376\377\0006\000.\0004\000.\0004\000.\0002\000\040\000a\000c\000c\000e\000l\000e\000r\000a\000t\000i\000o\000n\000Y}{subsection.6.4.4}% 138
\BOOKMARK [3][-]{subsubsection.6.4.4.3}{\376\377\0006\000.\0004\000.\0004\000.\0003\000\040\000a\000c\000c\000e\000l\000e\000r\000a\000t\000i\000o\000n\000Z}{subsection.6.4.4}% 139
\BOOKMARK [3][-]{subsubsection.6.4.4.4}{\376\377\0006\000.\0004\000.\0004\000.\0004\000\040\000a\000n\000g\000u\000l\000a\000r\000V\000e\000l\000o\000c\000i\000t\000y\000X}{subsection.6.4.4}% 140
\BOOKMARK [3][-]{subsubsection.6.4.4.5}{\376\377\0006\000.\0004\000.\0004\000.\0005\000\040\000a\000n\000g\000u\000l\000a\000r\000V\000e\000l\000o\000c\000i\000t\000y\000Y}{subsection.6.4.4}% 141
\BOOKMARK [3][-]{subsubsection.6.4.4.6}{\376\377\0006\000.\0004\000.\0004\000.\0006\000\040\000a\000n\000g\000u\000l\000a\000r\000V\000e\000l\000o\000c\000i\000t\000y\000Z}{subsection.6.4.4}% 142
\BOOKMARK [3][-]{subsubsection.6.4.4.7}{\376\377\0006\000.\0004\000.\0004\000.\0007\000\040\000e\000r\000r\000o\000r\000C\000o\000d\000e}{subsection.6.4.4}% 143
\BOOKMARK [3][-]{subsubsection.6.4.4.8}{\376\377\0006\000.\0004\000.\0004\000.\0008\000\040\000i\000s\000O\000p\000e\000n}{subsection.6.4.4}% 144
\BOOKMARK [3][-]{subsubsection.6.4.4.9}{\376\377\0006\000.\0004\000.\0004\000.\0009\000\040\000m\000\137\000i\000n\000f\000o}{subsection.6.4.4}% 145
\BOOKMARK [3][-]{subsubsection.6.4.4.10}{\376\377\0006\000.\0004\000.\0004\000.\0001\0000\000\040\000m\000\137\000s\000e\000r\000i\000a\000l\000P\000o\000r\000t}{subsection.6.4.4}% 146
\BOOKMARK [3][-]{subsubsection.6.4.4.11}{\376\377\0006\000.\0004\000.\0004\000.\0001\0001\000\040\000m\000H\000a\000n\000d\000l\000e\000r}{subsection.6.4.4}% 147
\BOOKMARK [3][-]{subsubsection.6.4.4.12}{\376\377\0006\000.\0004\000.\0004\000.\0001\0002\000\040\000t\000i\000m\000e}{subsection.6.4.4}% 148
\BOOKMARK [1][-]{section.6.5}{\376\377\0006\000.\0005\000\040\000W\000i\000r\000e\000f\000r\000a\000m\000e\000M\000o\000d\000e\000l\000\040\000C\000l\000a\000s\000s\000\040\000R\000e\000f\000e\000r\000e\000n\000c\000e}{chapter.6}% 149
\BOOKMARK [2][-]{subsection.6.5.1}{\376\377\0006\000.\0005\000.\0001\000\040\000D\000e\000t\000a\000i\000l\000e\000d\000\040\000D\000e\000s\000c\000r\000i\000p\000t\000i\000o\000n}{section.6.5}% 150
\BOOKMARK [2][-]{subsection.6.5.2}{\376\377\0006\000.\0005\000.\0002\000\040\000C\000o\000n\000s\000t\000r\000u\000c\000t\000o\000r\000\040\000\046\000\040\000D\000e\000s\000t\000r\000u\000c\000t\000o\000r\000\040\000D\000o\000c\000u\000m\000e\000n\000t\000a\000t\000i\000o\000n}{section.6.5}% 151
\BOOKMARK [3][-]{subsubsection.6.5.2.1}{\376\377\0006\000.\0005\000.\0002\000.\0001\000\040\000W\000i\000r\000e\000f\000r\000a\000m\000e\000M\000o\000d\000e\000l\000\050\000\051}{subsection.6.5.2}% 152
\BOOKMARK [3][-]{subsubsection.6.5.2.2}{\376\377\0006\000.\0005\000.\0002\000.\0002\000\040\000\040\000W\000i\000r\000e\000f\000r\000a\000m\000e\000M\000o\000d\000e\000l\000\050\000\051}{subsection.6.5.2}% 153
\BOOKMARK [2][-]{subsection.6.5.3}{\376\377\0006\000.\0005\000.\0003\000\040\000M\000e\000m\000b\000e\000r\000\040\000F\000u\000n\000c\000t\000i\000o\000n\000\040\000D\000o\000c\000u\000m\000e\000n\000t\000a\000t\000i\000o\000n}{section.6.5}% 154
\BOOKMARK [3][-]{subsubsection.6.5.3.1}{\376\377\0006\000.\0005\000.\0003\000.\0001\000\040\000g\000e\000t\000D\000a\000t\000a\000\050\000\051}{subsection.6.5.3}% 155
\BOOKMARK [3][-]{subsubsection.6.5.3.2}{\376\377\0006\000.\0005\000.\0003\000.\0002\000\040\000g\000e\000t\000S\000i\000z\000e\000\050\000\051}{subsection.6.5.3}% 156
\BOOKMARK [3][-]{subsubsection.6.5.3.3}{\376\377\0006\000.\0005\000.\0003\000.\0003\000\040\000L\000o\000a\000d\000O\000b\000j\000e\000c\000t\000\050\000\051}{subsection.6.5.3}% 157
\BOOKMARK [2][-]{subsection.6.5.4}{\376\377\0006\000.\0005\000.\0004\000\040\000M\000e\000m\000b\000e\000r\000\040\000D\000a\000t\000a\000\040\000D\000o\000c\000u\000m\000e\000n\000t\000a\000t\000i\000o\000n}{section.6.5}% 158
\BOOKMARK [3][-]{subsubsection.6.5.4.1}{\376\377\0006\000.\0005\000.\0004\000.\0001\000\040\000d\000a\000t\000a}{subsection.6.5.4}% 159
\BOOKMARK [0][-]{chapter.7}{\376\377\0007\000\040\000F\000i\000l\000e\000\040\000D\000o\000c\000u\000m\000e\000n\000t\000a\000t\000i\000o\000n}{}% 160
\BOOKMARK [1][-]{section.7.1}{\376\377\0007\000.\0001\000\040\000c\000p\000p\000/\000m\000a\000i\000n\000.\000c\000p\000p\000\040\000F\000i\000l\000e\000\040\000R\000e\000f\000e\000r\000e\000n\000c\000e}{chapter.7}% 161
\BOOKMARK [2][-]{subsection.7.1.1}{\376\377\0007\000.\0001\000.\0001\000\040\000F\000u\000n\000c\000t\000i\000o\000n\000\040\000D\000o\000c\000u\000m\000e\000n\000t\000a\000t\000i\000o\000n}{section.7.1}% 162
\BOOKMARK [3][-]{subsubsection.7.1.1.1}{\376\377\0007\000.\0001\000.\0001\000.\0001\000\040\000m\000a\000i\000n\000\050\000\051}{subsection.7.1.1}% 163
\BOOKMARK [1][-]{section.7.2}{\376\377\0007\000.\0002\000\040\000c\000p\000p\000/\000m\000a\000i\000n\000w\000i\000n\000d\000o\000w\000.\000c\000p\000p\000\040\000F\000i\000l\000e\000\040\000R\000e\000f\000e\000r\000e\000n\000c\000e}{chapter.7}% 164
\BOOKMARK [1][-]{section.7.3}{\376\377\0007\000.\0003\000\040\000c\000p\000p\000/\000m\000e\000a\000s\000u\000r\000e\000m\000e\000n\000t\000h\000a\000n\000d\000l\000e\000r\000.\000c\000p\000p\000\040\000F\000i\000l\000e\000\040\000R\000e\000f\000e\000r\000e\000n\000c\000e}{chapter.7}% 165
\BOOKMARK [1][-]{section.7.4}{\376\377\0007\000.\0004\000\040\000c\000p\000p\000/\000o\000p\000e\000n\000g\000l\000w\000i\000d\000g\000e\000t\000.\000c\000p\000p\000\040\000F\000i\000l\000e\000\040\000R\000e\000f\000e\000r\000e\000n\000c\000e}{chapter.7}% 166
\BOOKMARK [2][-]{subsection.7.4.1}{\376\377\0007\000.\0004\000.\0001\000\040\000M\000a\000c\000r\000o\000\040\000D\000e\000f\000i\000n\000i\000t\000i\000o\000n\000\040\000D\000o\000c\000u\000m\000e\000n\000t\000a\000t\000i\000o\000n}{section.7.4}% 167
\BOOKMARK [3][-]{subsubsection.7.4.1.1}{\376\377\0007\000.\0004\000.\0001\000.\0001\000\040\000T\000E\000X\000T\000U\000R\000E\000\137\000C\000O\000O\000R\000D\000\137\000A\000T\000T\000R\000I\000B\000U\000T\000E}{subsection.7.4.1}% 168
\BOOKMARK [3][-]{subsubsection.7.4.1.2}{\376\377\0007\000.\0004\000.\0001\000.\0002\000\040\000V\000E\000R\000T\000E\000X\000\137\000C\000O\000O\000R\000D\000\137\000A\000T\000T\000R\000I\000B\000U\000T\000E}{subsection.7.4.1}% 169
\BOOKMARK [1][-]{section.7.5}{\376\377\0007\000.\0005\000\040\000c\000p\000p\000/\000s\000e\000r\000i\000a\000l\000p\000o\000r\000t\000r\000e\000a\000d\000e\000r\000.\000c\000p\000p\000\040\000F\000i\000l\000e\000\040\000R\000e\000f\000e\000r\000e\000n\000c\000e}{chapter.7}% 170
\BOOKMARK [1][-]{section.7.6}{\376\377\0007\000.\0006\000\040\000c\000p\000p\000/\000w\000i\000r\000e\000f\000r\000a\000m\000e\000m\000o\000d\000e\000l\000.\000c\000p\000p\000\040\000F\000i\000l\000e\000\040\000R\000e\000f\000e\000r\000e\000n\000c\000e}{chapter.7}% 171
\BOOKMARK [1][-]{section.7.7}{\376\377\0007\000.\0007\000\040\000h\000/\000m\000a\000i\000n\000w\000i\000n\000d\000o\000w\000.\000h\000\040\000F\000i\000l\000e\000\040\000R\000e\000f\000e\000r\000e\000n\000c\000e}{chapter.7}% 172
\BOOKMARK [1][-]{section.7.8}{\376\377\0007\000.\0008\000\040\000h\000/\000m\000e\000a\000s\000u\000r\000e\000m\000e\000n\000t\000h\000a\000n\000d\000l\000e\000r\000.\000h\000\040\000F\000i\000l\000e\000\040\000R\000e\000f\000e\000r\000e\000n\000c\000e}{chapter.7}% 173
\BOOKMARK [1][-]{section.7.9}{\376\377\0007\000.\0009\000\040\000h\000/\000o\000p\000e\000n\000g\000l\000w\000i\000d\000g\000e\000t\000.\000h\000\040\000F\000i\000l\000e\000\040\000R\000e\000f\000e\000r\000e\000n\000c\000e}{chapter.7}% 174
\BOOKMARK [1][-]{section.7.10}{\376\377\0007\000.\0001\0000\000\040\000h\000/\000s\000e\000r\000i\000a\000l\000p\000o\000r\000t\000r\000e\000a\000d\000e\000r\000.\000h\000\040\000F\000i\000l\000e\000\040\000R\000e\000f\000e\000r\000e\000n\000c\000e}{chapter.7}% 175
\BOOKMARK [1][-]{section.7.11}{\376\377\0007\000.\0001\0001\000\040\000h\000/\000w\000i\000r\000e\000f\000r\000a\000m\000e\000m\000o\000d\000e\000l\000.\000h\000\040\000F\000i\000l\000e\000\040\000R\000e\000f\000e\000r\000e\000n\000c\000e}{chapter.7}% 176
\BOOKMARK [0][-]{section*.27}{\376\377\000I\000n\000d\000e\000x}{}% 177
